<?xml version="1.0" encoding="UTF-8"?>
<!-- Generated by org.testng.reporters.JUnitReportReporter -->
<testsuite hostname="A2-11" name="es.cea.chat.TestArrancaChat" tests="4" failures="0" timestamp="20 Jan 2012 18:11:19 GMT" time="40,001" errors="0">
  <testcase name="pruebaInsertarMensaje" time="9,577" classname="es.cea.chat.TestArrancaChat"/>
  <testcase name="modificarUsuario" time="10,217" classname="es.cea.chat.TestArrancaChat"/>
  <testcase name="pruebaEliminarMensaje" time="9,636" classname="es.cea.chat.TestArrancaChat"/>
  <testcase name="pruebaMEnsajesEnDB" time="10,571" classname="es.cea.chat.TestArrancaChat"/>
</testsuite>
