<?xml version="1.0" encoding="UTF-8"?>
<!-- Generated by org.testng.reporters.JUnitReportReporter -->
<testsuite hostname="A2-11" name="com.enjava.jpa.PruebaArraque" tests="1" failures="0" timestamp="19 Jan 2012 17:57:03 GMT" time="0,264" errors="0">
  <testcase name="pruebaArranque" time="0,264" classname="com.enjava.jpa.PruebaArraque"/>
</testsuite>
