<?xml version="1.0" encoding="UTF-8"?>
<!-- Generated by org.testng.reporters.JUnitReportReporter -->
<testsuite hostname="A2-11" name="es.cea.inmobiliaria.testArranca" tests="1" failures="0" timestamp="20 Jan 2012 14:18:42 GMT" time="0,297" errors="0">
  <testcase name="pruebaArranque" time="0,297" classname="es.cea.inmobiliaria.testArranca"/>
</testsuite>
